\BOOKMARK [1][-]{section.1}{\376\377\000I\000n\000t\000r\000o\000d\000u\000c\000t\000i\000o\000n}{}% 1
\BOOKMARK [1][-]{section.2}{\376\377\000H\000y\000p\000o\000t\000h\000e\000s\000i\000s\000\040\000a\000n\000d\000\040\000M\000e\000t\000h\000o\000d}{}% 2
\BOOKMARK [1][-]{section.3}{\376\377\000E\000x\000p\000e\000r\000i\000m\000e\000n\000t\000a\000l\000\040\000D\000e\000s\000i\000g\000n}{}% 3
\BOOKMARK [2][-]{subsection.3.1}{\376\377\000E\000x\000p\000l\000o\000r\000a\000t\000o\000r\000y\000\040\000d\000a\000t\000a\000\040\000a\000n\000a\000l\000y\000s\000i\000s}{section.3}% 4
\BOOKMARK [2][-]{subsection.3.2}{\376\377\000D\000a\000t\000a\000\040\000\046\000\040\000s\000p\000l\000i\000t\000\040\000c\000o\000n\000t\000r\000a\000c\000t}{section.3}% 5
\BOOKMARK [2][-]{subsection.3.3}{\376\377\000L\000e\000a\000r\000n\000e\000r\000s\000\040\000a\000n\000d\000\040\000l\000o\000c\000k\000e\000d\000\040\000c\000o\000n\000s\000t\000r\000a\000i\000n\000t\000s}{section.3}% 6
\BOOKMARK [2][-]{subsection.3.4}{\376\377\000T\000u\000n\000i\000n\000g\000\040\000p\000r\000o\000t\000o\000c\000o\000l\000\040\000a\000n\000d\000\040\000v\000a\000l\000i\000d\000a\000t\000i\000o\000n}{section.3}% 7
\BOOKMARK [1][-]{section.4}{\376\377\000E\000x\000p\000e\000r\000i\000m\000e\000n\000t\000s}{}% 8
\BOOKMARK [2][-]{subsection.4.1}{\376\377\000E\000v\000a\000l\000u\000a\000t\000i\000o\000n\000\040\000d\000e\000b\000u\000g\000\040\040\024\000\040\000l\000e\000a\000k\000a\000g\000e\000\040\000p\000r\000o\000b\000e\000s}{section.4}% 9
\BOOKMARK [2][-]{subsection.4.2}{\376\377\000H\000y\000p\000e\000r\000p\000a\000r\000a\000m\000e\000t\000e\000r\000\040\000t\000u\000n\000i\000n\000g}{section.4}% 10
\BOOKMARK [2][-]{subsection.4.3}{\376\377\000L\000e\000a\000r\000n\000i\000n\000g\000\040\000c\000u\000r\000v\000e\000s}{section.4}% 11
\BOOKMARK [2][-]{subsection.4.4}{\376\377\000M\000o\000d\000e\000l\000-\000c\000o\000m\000p\000l\000e\000x\000i\000t\000y\000\040\000c\000u\000r\000v\000e\000s}{section.4}% 12
\BOOKMARK [1][-]{section.5}{\376\377\000H\000e\000l\000d\000-\000O\000u\000t\000\040\000T\000e\000s\000t\000\040\000R\000e\000s\000u\000l\000t\000s}{}% 13
\BOOKMARK [2][-]{subsection.5.1}{\376\377\000P\000e\000r\000-\000c\000l\000a\000s\000s\000\040\000b\000e\000h\000a\000v\000i\000o\000u\000r}{section.5}% 14
\BOOKMARK [2][-]{subsection.5.2}{\376\377\000R\000u\000n\000t\000i\000m\000e}{section.5}% 15
\BOOKMARK [2][-]{subsection.5.3}{\376\377\000N\000e\000u\000r\000a\000l\000-\000n\000e\000t\000w\000o\000r\000k\000\040\000l\000e\000a\000r\000n\000i\000n\000g\000\040\000d\000y\000n\000a\000m\000i\000c\000s}{section.5}% 16
\BOOKMARK [2][-]{subsection.5.4}{\376\377\000E\000x\000t\000r\000a\000\040\000c\000r\000e\000d\000i\000t\000\040\040\024\000\040\000a\000c\000t\000i\000v\000a\000t\000i\000o\000n\000\040\000f\000u\000n\000c\000t\000i\000o\000n\000\040\000s\000t\000u\000d\000y}{section.5}% 17
\BOOKMARK [1][-]{section.6}{\376\377\000D\000i\000s\000c\000u\000s\000s\000i\000o\000n}{}% 18
\BOOKMARK [2][-]{subsection.6.1}{\376\377\000C\000r\000o\000s\000s\000-\000m\000o\000d\000e\000l\000\040\000s\000y\000n\000t\000h\000e\000s\000i\000s}{section.6}% 19
\BOOKMARK [2][-]{subsection.6.2}{\376\377\000T\000r\000a\000d\000e\000-\000o\000f\000f\000s\000\040\000a\000n\000d\000\040\000c\000l\000a\000s\000s\000-\000l\000e\000v\000e\000l\000\040\000b\000e\000h\000a\000v\000i\000o\000u\000r}{section.6}% 20
\BOOKMARK [2][-]{subsection.6.3}{\376\377\000C\000u\000r\000v\000e\000-\000b\000a\000s\000e\000d\000\040\000i\000n\000t\000e\000r\000p\000r\000e\000t\000a\000t\000i\000o\000n}{section.6}% 21
\BOOKMARK [2][-]{subsection.6.4}{\376\377\000L\000i\000m\000i\000t\000a\000t\000i\000o\000n\000s}{section.6}% 22
\BOOKMARK [2][-]{subsection.6.5}{\376\377\000E\000v\000i\000d\000e\000n\000c\000e\000-\000b\000a\000s\000e\000d\000\040\000i\000m\000p\000r\000o\000v\000e\000m\000e\000n\000t\000s}{section.6}% 23
\BOOKMARK [2][-]{subsection.6.6}{\376\377\000R\000\040\000s\000a\000n\000i\000t\000y\000\040\000c\000h\000e\000c\000k}{section.6}% 24
\BOOKMARK [1][-]{section.7}{\376\377\000C\000o\000n\000c\000l\000u\000s\000i\000o\000n}{}% 25
\BOOKMARK [1][-]{section*.14}{\376\377\000R\000e\000f\000e\000r\000e\000n\000c\000e\000s}{}% 26
